<?xml version="1.0" encoding="UTF-8"?>
<testsuite xmlns:xsi="http://www.w3.org/2001/XMLSchema-instance" xsi:noNamespaceSchemaLocation="https://maven.apache.org/surefire/maven-surefire-plugin/xsd/surefire-test-report.xsd" name="com.univer.base.util.PatternUtilTest" time="0" tests="3" errors="0" skipped="0" failures="0">
  <properties>
    <property name="sun.desktop" value="windows"/>
    <property name="awt.toolkit" value="sun.awt.windows.WToolkit"/>
    <property name="file.encoding.pkg" value="sun.io"/>
    <property name="java.specification.version" value="1.8"/>
    <property name="sun.cpu.isalist" value="amd64"/>
    <property name="sun.jnu.encoding" value="GBK"/>
    <property name="java.class.path" value="D:\workspace\service-base\target\test-classes;D:\workspace\service-base\target\classes;D:\maven\maven_local_repository\org\springframework\cloud\spring-cloud-starter-netflix-hystrix\2.0.1.RELEASE\spring-cloud-starter-netflix-hystrix-2.0.1.RELEASE.jar;D:\maven\maven_local_repository\org\springframework\cloud\spring-cloud-starter\2.0.1.RELEASE\spring-cloud-starter-2.0.1.RELEASE.jar;D:\maven\maven_local_repository\org\springframework\cloud\spring-cloud-context\2.0.1.RELEASE\spring-cloud-context-2.0.1.RELEASE.jar;D:\maven\maven_local_repository\org\springframework\security\spring-security-rsa\1.0.5.RELEASE\spring-security-rsa-1.0.5.RELEASE.jar;D:\maven\maven_local_repository\org\bouncycastle\bcpkix-jdk15on\1.56\bcpkix-jdk15on-1.56.jar;D:\maven\maven_local_repository\org\bouncycastle\bcprov-jdk15on\1.56\bcprov-jdk15on-1.56.jar;D:\maven\maven_local_repository\org\springframework\cloud\spring-cloud-netflix-core\2.0.1.RELEASE\spring-cloud-netflix-core-2.0.1.RELEASE.jar;D:\maven\maven_local_repository\org\springframework\boot\spring-boot-autoconfigure\2.0.4.RELEASE\spring-boot-autoconfigure-2.0.4.RELEASE.jar;D:\maven\maven_local_repository\org\springframework\cloud\spring-cloud-netflix-ribbon\2.0.1.RELEASE\spring-cloud-netflix-ribbon-2.0.1.RELEASE.jar;D:\maven\maven_local_repository\org\springframework\cloud\spring-cloud-netflix-archaius\2.0.1.RELEASE\spring-cloud-netflix-archaius-2.0.1.RELEASE.jar;D:\maven\maven_local_repository\org\springframework\cloud\spring-cloud-starter-netflix-archaius\2.0.1.RELEASE\spring-cloud-starter-netflix-archaius-2.0.1.RELEASE.jar;D:\maven\maven_local_repository\com\netflix\archaius\archaius-core\0.7.6\archaius-core-0.7.6.jar;D:\maven\maven_local_repository\commons-configuration\commons-configuration\1.8\commons-configuration-1.8.jar;D:\maven\maven_local_repository\commons-lang\commons-lang\2.6\commons-lang-2.6.jar;D:\maven\maven_local_repository\com\netflix\hystrix\hystrix-core\1.5.12\hystrix-core-1.5.12.jar;D:\maven\maven_local_repository\org\slf4j\slf4j-api\1.7.25\slf4j-api-1.7.25.jar;D:\maven\maven_local_repository\io\reactivex\rxjava\1.3.8\rxjava-1.3.8.jar;D:\maven\maven_local_repository\org\hdrhistogram\HdrHistogram\2.1.9\HdrHistogram-2.1.9.jar;D:\maven\maven_local_repository\com\netflix\hystrix\hystrix-serialization\1.5.12\hystrix-serialization-1.5.12.jar;D:\maven\maven_local_repository\com\fasterxml\jackson\module\jackson-module-afterburner\2.9.6\jackson-module-afterburner-2.9.6.jar;D:\maven\maven_local_repository\com\fasterxml\jackson\core\jackson-core\2.9.6\jackson-core-2.9.6.jar;D:\maven\maven_local_repository\com\fasterxml\jackson\core\jackson-annotations\2.9.0\jackson-annotations-2.9.0.jar;D:\maven\maven_local_repository\com\netflix\hystrix\hystrix-metrics-event-stream\1.5.12\hystrix-metrics-event-stream-1.5.12.jar;D:\maven\maven_local_repository\com\netflix\hystrix\hystrix-javanica\1.5.12\hystrix-javanica-1.5.12.jar;D:\maven\maven_local_repository\org\ow2\asm\asm\5.0.4\asm-5.0.4.jar;D:\maven\maven_local_repository\io\reactivex\rxjava-reactive-streams\1.2.1\rxjava-reactive-streams-1.2.1.jar;D:\maven\maven_local_repository\org\reactivestreams\reactive-streams\1.0.2\reactive-streams-1.0.2.jar;D:\maven\maven_local_repository\org\springframework\cloud\spring-cloud-starter-openfeign\2.0.1.RELEASE\spring-cloud-starter-openfeign-2.0.1.RELEASE.jar;D:\maven\maven_local_repository\org\springframework\cloud\spring-cloud-openfeign-core\2.0.1.RELEASE\spring-cloud-openfeign-core-2.0.1.RELEASE.jar;D:\maven\maven_local_repository\org\springframework\spring-web\5.0.8.RELEASE\spring-web-5.0.8.RELEASE.jar;D:\maven\maven_local_repository\org\springframework\spring-beans\5.0.8.RELEASE\spring-beans-5.0.8.RELEASE.jar;D:\maven\maven_local_repository\org\springframework\cloud\spring-cloud-commons\2.0.1.RELEASE\spring-cloud-commons-2.0.1.RELEASE.jar;D:\maven\maven_local_repository\org\springframework\security\spring-security-crypto\5.0.7.RELEASE\spring-security-crypto-5.0.7.RELEASE.jar;D:\maven\maven_local_repository\io\github\openfeign\feign-core\9.5.1\feign-core-9.5.1.jar;D:\maven\maven_local_repository\io\github\openfeign\feign-slf4j\9.5.1\feign-slf4j-9.5.1.jar;D:\maven\maven_local_repository\io\github\openfeign\feign-hystrix\9.5.1\feign-hystrix-9.5.1.jar;D:\maven\maven_local_repository\io\github\openfeign\feign-java8\9.5.1\feign-java8-9.5.1.jar;D:\maven\maven_local_repository\io\github\lognet\grpc-spring-boot-starter\3.0.0\grpc-spring-boot-starter-3.0.0.jar;D:\maven\maven_local_repository\io\grpc\grpc-netty\1.15.1\grpc-netty-1.15.1.jar;D:\maven\maven_local_repository\io\grpc\grpc-core\1.15.1\grpc-core-1.15.1.jar;D:\maven\maven_local_repository\io\grpc\grpc-context\1.15.1\grpc-context-1.15.1.jar;D:\maven\maven_local_repository\io\opencensus\opencensus-api\0.12.3\opencensus-api-0.12.3.jar;D:\maven\maven_local_repository\io\opencensus\opencensus-contrib-grpc-metrics\0.12.3\opencensus-contrib-grpc-metrics-0.12.3.jar;D:\maven\maven_local_repository\io\netty\netty-codec-http2\4.1.27.Final\netty-codec-http2-4.1.27.Final.jar;D:\maven\maven_local_repository\io\netty\netty-codec-http\4.1.27.Final\netty-codec-http-4.1.27.Final.jar;D:\maven\maven_local_repository\io\netty\netty-handler-proxy\4.1.27.Final\netty-handler-proxy-4.1.27.Final.jar;D:\maven\maven_local_repository\io\netty\netty-codec-socks\4.1.27.Final\netty-codec-socks-4.1.27.Final.jar;D:\maven\maven_local_repository\io\grpc\grpc-services\1.15.1\grpc-services-1.15.1.jar;D:\maven\maven_local_repository\io\grpc\grpc-protobuf\1.15.1\grpc-protobuf-1.15.1.jar;D:\maven\maven_local_repository\com\google\protobuf\protobuf-java\3.5.1\protobuf-java-3.5.1.jar;D:\maven\maven_local_repository\com\google\api\grpc\proto-google-common-protos\1.0.0\proto-google-common-protos-1.0.0.jar;D:\maven\maven_local_repository\io\grpc\grpc-protobuf-lite\1.15.1\grpc-protobuf-lite-1.15.1.jar;D:\maven\maven_local_repository\io\grpc\grpc-stub\1.15.1\grpc-stub-1.15.1.jar;D:\maven\maven_local_repository\com\google\protobuf\protobuf-java-util\3.5.1\protobuf-java-util-3.5.1.jar;D:\maven\maven_local_repository\com\google\re2j\re2j\1.2\re2j-1.2.jar;D:\maven\maven_local_repository\org\springframework\boot\spring-boot-starter\2.0.4.RELEASE\spring-boot-starter-2.0.4.RELEASE.jar;D:\maven\maven_local_repository\org\springframework\boot\spring-boot\2.0.4.RELEASE\spring-boot-2.0.4.RELEASE.jar;D:\maven\maven_local_repository\org\springframework\boot\spring-boot-starter-logging\2.0.4.RELEASE\spring-boot-starter-logging-2.0.4.RELEASE.jar;D:\maven\maven_local_repository\ch\qos\logback\logback-classic\1.2.3\logback-classic-1.2.3.jar;D:\maven\maven_local_repository\org\apache\logging\log4j\log4j-to-slf4j\2.10.0\log4j-to-slf4j-2.10.0.jar;D:\maven\maven_local_repository\org\apache\logging\log4j\log4j-api\2.10.0\log4j-api-2.10.0.jar;D:\maven\maven_local_repository\org\slf4j\jul-to-slf4j\1.7.25\jul-to-slf4j-1.7.25.jar;D:\maven\maven_local_repository\javax\annotation\javax.annotation-api\1.3.2\javax.annotation-api-1.3.2.jar;D:\maven\maven_local_repository\org\yaml\snakeyaml\1.19\snakeyaml-1.19.jar;D:\maven\maven_local_repository\org\springframework\boot\spring-boot-starter-test\2.0.4.RELEASE\spring-boot-starter-test-2.0.4.RELEASE.jar;D:\maven\maven_local_repository\org\springframework\boot\spring-boot-test\2.0.4.RELEASE\spring-boot-test-2.0.4.RELEASE.jar;D:\maven\maven_local_repository\org\springframework\boot\spring-boot-test-autoconfigure\2.0.4.RELEASE\spring-boot-test-autoconfigure-2.0.4.RELEASE.jar;D:\maven\maven_local_repository\com\jayway\jsonpath\json-path\2.4.0\json-path-2.4.0.jar;D:\maven\maven_local_repository\net\minidev\json-smart\2.3\json-smart-2.3.jar;D:\maven\maven_local_repository\net\minidev\accessors-smart\1.2\accessors-smart-1.2.jar;D:\maven\maven_local_repository\junit\junit\4.12\junit-4.12.jar;D:\maven\maven_local_repository\org\assertj\assertj-core\3.9.1\assertj-core-3.9.1.jar;D:\maven\maven_local_repository\org\mockito\mockito-core\2.15.0\mockito-core-2.15.0.jar;D:\maven\maven_local_repository\net\bytebuddy\byte-buddy\1.7.11\byte-buddy-1.7.11.jar;D:\maven\maven_local_repository\net\bytebuddy\byte-buddy-agent\1.7.11\byte-buddy-agent-1.7.11.jar;D:\maven\maven_local_repository\org\objenesis\objenesis\2.6\objenesis-2.6.jar;D:\maven\maven_local_repository\org\hamcrest\hamcrest-core\1.3\hamcrest-core-1.3.jar;D:\maven\maven_local_repository\org\hamcrest\hamcrest-library\1.3\hamcrest-library-1.3.jar;D:\maven\maven_local_repository\org\skyscreamer\jsonassert\1.5.0\jsonassert-1.5.0.jar;D:\maven\maven_local_repository\com\vaadin\external\google\android-json\0.0.20131108.vaadin1\android-json-0.0.20131108.vaadin1.jar;D:\maven\maven_local_repository\org\springframework\spring-core\5.0.8.RELEASE\spring-core-5.0.8.RELEASE.jar;D:\maven\maven_local_repository\org\springframework\spring-jcl\5.0.8.RELEASE\spring-jcl-5.0.8.RELEASE.jar;D:\maven\maven_local_repository\org\springframework\spring-test\5.0.8.RELEASE\spring-test-5.0.8.RELEASE.jar;D:\maven\maven_local_repository\org\xmlunit\xmlunit-core\2.5.1\xmlunit-core-2.5.1.jar;D:\maven\maven_local_repository\org\springframework\boot\spring-boot-starter-actuator\2.0.4.RELEASE\spring-boot-starter-actuator-2.0.4.RELEASE.jar;D:\maven\maven_local_repository\org\springframework\boot\spring-boot-actuator-autoconfigure\2.0.4.RELEASE\spring-boot-actuator-autoconfigure-2.0.4.RELEASE.jar;D:\maven\maven_local_repository\org\springframework\boot\spring-boot-actuator\2.0.4.RELEASE\spring-boot-actuator-2.0.4.RELEASE.jar;D:\maven\maven_local_repository\com\fasterxml\jackson\datatype\jackson-datatype-jsr310\2.9.6\jackson-datatype-jsr310-2.9.6.jar;D:\maven\maven_local_repository\io\micrometer\micrometer-core\1.0.6\micrometer-core-1.0.6.jar;D:\maven\maven_local_repository\org\latencyutils\LatencyUtils\2.0.3\LatencyUtils-2.0.3.jar;D:\maven\maven_local_repository\org\springframework\boot\spring-boot-configuration-processor\2.0.4.RELEASE\spring-boot-configuration-processor-2.0.4.RELEASE.jar;D:\maven\maven_local_repository\org\springframework\boot\spring-boot-starter-jdbc\2.0.4.RELEASE\spring-boot-starter-jdbc-2.0.4.RELEASE.jar;D:\maven\maven_local_repository\com\zaxxer\HikariCP\2.7.9\HikariCP-2.7.9.jar;D:\maven\maven_local_repository\org\springframework\spring-jdbc\5.0.8.RELEASE\spring-jdbc-5.0.8.RELEASE.jar;D:\maven\maven_local_repository\org\springframework\spring-tx\5.0.8.RELEASE\spring-tx-5.0.8.RELEASE.jar;D:\maven\maven_local_repository\org\springframework\boot\spring-boot-starter-validation\2.0.4.RELEASE\spring-boot-starter-validation-2.0.4.RELEASE.jar;D:\maven\maven_local_repository\org\apache\tomcat\embed\tomcat-embed-el\8.5.32\tomcat-embed-el-8.5.32.jar;D:\maven\maven_local_repository\org\springframework\boot\spring-boot-starter-web\2.0.4.RELEASE\spring-boot-starter-web-2.0.4.RELEASE.jar;D:\maven\maven_local_repository\org\springframework\boot\spring-boot-starter-json\2.0.4.RELEASE\spring-boot-starter-json-2.0.4.RELEASE.jar;D:\maven\maven_local_repository\com\fasterxml\jackson\datatype\jackson-datatype-jdk8\2.9.6\jackson-datatype-jdk8-2.9.6.jar;D:\maven\maven_local_repository\com\fasterxml\jackson\module\jackson-module-parameter-names\2.9.6\jackson-module-parameter-names-2.9.6.jar;D:\maven\maven_local_repository\org\springframework\spring-webmvc\5.0.8.RELEASE\spring-webmvc-5.0.8.RELEASE.jar;D:\maven\maven_local_repository\org\springframework\spring-expression\5.0.8.RELEASE\spring-expression-5.0.8.RELEASE.jar;D:\maven\maven_local_repository\org\springframework\boot\spring-boot-starter-aop\2.0.4.RELEASE\spring-boot-starter-aop-2.0.4.RELEASE.jar;D:\maven\maven_local_repository\org\springframework\spring-aop\5.0.8.RELEASE\spring-aop-5.0.8.RELEASE.jar;D:\maven\maven_local_repository\org\aspectj\aspectjweaver\1.8.13\aspectjweaver-1.8.13.jar;D:\maven\maven_local_repository\org\springframework\boot\spring-boot-starter-data-redis\2.0.4.RELEASE\spring-boot-starter-data-redis-2.0.4.RELEASE.jar;D:\maven\maven_local_repository\org\springframework\data\spring-data-redis\2.0.9.RELEASE\spring-data-redis-2.0.9.RELEASE.jar;D:\maven\maven_local_repository\org\springframework\data\spring-data-keyvalue\2.0.9.RELEASE\spring-data-keyvalue-2.0.9.RELEASE.jar;D:\maven\maven_local_repository\org\springframework\data\spring-data-commons\2.0.9.RELEASE\spring-data-commons-2.0.9.RELEASE.jar;D:\maven\maven_local_repository\org\springframework\spring-oxm\5.0.8.RELEASE\spring-oxm-5.0.8.RELEASE.jar;D:\maven\maven_local_repository\io\lettuce\lettuce-core\5.0.4.RELEASE\lettuce-core-5.0.4.RELEASE.jar;D:\maven\maven_local_repository\io\projectreactor\reactor-core\3.1.8.RELEASE\reactor-core-3.1.8.RELEASE.jar;D:\maven\maven_local_repository\io\netty\netty-common\4.1.27.Final\netty-common-4.1.27.Final.jar;D:\maven\maven_local_repository\io\netty\netty-transport\4.1.27.Final\netty-transport-4.1.27.Final.jar;D:\maven\maven_local_repository\io\netty\netty-buffer\4.1.27.Final\netty-buffer-4.1.27.Final.jar;D:\maven\maven_local_repository\io\netty\netty-resolver\4.1.27.Final\netty-resolver-4.1.27.Final.jar;D:\maven\maven_local_repository\io\netty\netty-handler\4.1.27.Final\netty-handler-4.1.27.Final.jar;D:\maven\maven_local_repository\io\netty\netty-codec\4.1.27.Final\netty-codec-4.1.27.Final.jar;D:\maven\maven_local_repository\org\springframework\boot\spring-boot-starter-mail\2.0.4.RELEASE\spring-boot-starter-mail-2.0.4.RELEASE.jar;D:\maven\maven_local_repository\org\springframework\spring-context\5.0.8.RELEASE\spring-context-5.0.8.RELEASE.jar;D:\maven\maven_local_repository\org\springframework\spring-context-support\5.0.8.RELEASE\spring-context-support-5.0.8.RELEASE.jar;D:\maven\maven_local_repository\com\sun\mail\javax.mail\1.6.1\javax.mail-1.6.1.jar;D:\maven\maven_local_repository\org\mybatis\spring\boot\mybatis-spring-boot-starter\1.3.2\mybatis-spring-boot-starter-1.3.2.jar;D:\maven\maven_local_repository\org\mybatis\spring\boot\mybatis-spring-boot-autoconfigure\1.3.2\mybatis-spring-boot-autoconfigure-1.3.2.jar;D:\maven\maven_local_repository\org\mybatis\mybatis\3.4.6\mybatis-3.4.6.jar;D:\maven\maven_local_repository\org\mybatis\mybatis-spring\1.3.2\mybatis-spring-1.3.2.jar;D:\maven\maven_local_repository\org\springframework\boot\spring-boot-starter-undertow\2.0.4.RELEASE\spring-boot-starter-undertow-2.0.4.RELEASE.jar;D:\maven\maven_local_repository\io\undertow\undertow-core\1.4.25.Final\undertow-core-1.4.25.Final.jar;D:\maven\maven_local_repository\org\jboss\xnio\xnio-api\3.3.8.Final\xnio-api-3.3.8.Final.jar;D:\maven\maven_local_repository\org\jboss\xnio\xnio-nio\3.3.8.Final\xnio-nio-3.3.8.Final.jar;D:\maven\maven_local_repository\io\undertow\undertow-servlet\1.4.25.Final\undertow-servlet-1.4.25.Final.jar;D:\maven\maven_local_repository\org\jboss\spec\javax\annotation\jboss-annotations-api_1.2_spec\1.0.2.Final\jboss-annotations-api_1.2_spec-1.0.2.Final.jar;D:\maven\maven_local_repository\io\undertow\undertow-websockets-jsr\1.4.25.Final\undertow-websockets-jsr-1.4.25.Final.jar;D:\maven\maven_local_repository\org\jboss\spec\javax\websocket\jboss-websocket-api_1.1_spec\1.1.3.Final\jboss-websocket-api_1.1_spec-1.1.3.Final.jar;D:\maven\maven_local_repository\javax\servlet\javax.servlet-api\3.1.0\javax.servlet-api-3.1.0.jar;D:\maven\maven_local_repository\org\glassfish\javax.el\3.0.0\javax.el-3.0.0.jar;D:\maven\maven_local_repository\tk\mybatis\mapper-spring-boot-starter\2.0.4\mapper-spring-boot-starter-2.0.4.jar;D:\maven\maven_local_repository\tk\mybatis\mapper-core\1.0.5\mapper-core-1.0.5.jar;D:\maven\maven_local_repository\javax\persistence\persistence-api\1.0\persistence-api-1.0.jar;D:\maven\maven_local_repository\tk\mybatis\mapper-base\1.0.5\mapper-base-1.0.5.jar;D:\maven\maven_local_repository\tk\mybatis\mapper-weekend\1.1.4.1\mapper-weekend-1.1.4.1.jar;D:\maven\maven_local_repository\tk\mybatis\mapper-spring\1.0.5\mapper-spring-1.0.5.jar;D:\maven\maven_local_repository\tk\mybatis\mapper-extra\1.0.5\mapper-extra-1.0.5.jar;D:\maven\maven_local_repository\tk\mybatis\mapper-spring-boot-autoconfigure\2.0.4\mapper-spring-boot-autoconfigure-2.0.4.jar;D:\maven\maven_local_repository\com\github\pagehelper\pagehelper-spring-boot-starter\1.2.7\pagehelper-spring-boot-starter-1.2.7.jar;D:\maven\maven_local_repository\com\github\pagehelper\pagehelper-spring-boot-autoconfigure\1.2.7\pagehelper-spring-boot-autoconfigure-1.2.7.jar;D:\maven\maven_local_repository\com\github\pagehelper\pagehelper\5.1.6\pagehelper-5.1.6.jar;D:\maven\maven_local_repository\com\github\jsqlparser\jsqlparser\1.2\jsqlparser-1.2.jar;D:\maven\maven_local_repository\mysql\mysql-connector-java\5.1.46\mysql-connector-java-5.1.46.jar;D:\maven\maven_local_repository\io\jsonwebtoken\jjwt\0.9.0\jjwt-0.9.0.jar;D:\maven\maven_local_repository\com\fasterxml\jackson\core\jackson-databind\2.9.6\jackson-databind-2.9.6.jar;D:\maven\maven_local_repository\org\mindrot\jbcrypt\0.4\jbcrypt-0.4.jar;D:\maven\maven_local_repository\net\logstash\logback\logstash-logback-encoder\4.11\logstash-logback-encoder-4.11.jar;D:\maven\maven_local_repository\ch\qos\logback\logback-core\1.2.3\logback-core-1.2.3.jar;D:\maven\maven_local_repository\org\apache\commons\commons-lang3\3.4\commons-lang3-3.4.jar;D:\maven\maven_local_repository\commons-codec\commons-codec\1.11\commons-codec-1.11.jar;D:\maven\maven_local_repository\commons-collections\commons-collections\3.2.1\commons-collections-3.2.1.jar;D:\maven\maven_local_repository\commons-beanutils\commons-beanutils\1.9.3\commons-beanutils-1.9.3.jar;D:\maven\maven_local_repository\commons-logging\commons-logging\1.2\commons-logging-1.2.jar;D:\maven\maven_local_repository\org\hibernate\validator\hibernate-validator\6.0.12.Final\hibernate-validator-6.0.12.Final.jar;D:\maven\maven_local_repository\javax\validation\validation-api\2.0.1.Final\validation-api-2.0.1.Final.jar;D:\maven\maven_local_repository\org\jboss\logging\jboss-logging\3.3.2.Final\jboss-logging-3.3.2.Final.jar;D:\maven\maven_local_repository\com\fasterxml\classmate\1.3.4\classmate-1.3.4.jar;D:\maven\maven_local_repository\com\squareup\okhttp3\okhttp\3.8.0\okhttp-3.8.0.jar;D:\maven\maven_local_repository\com\squareup\okio\okio\1.13.0\okio-1.13.0.jar;D:\maven\maven_local_repository\eu\bitwalker\UserAgentUtils\1.21\UserAgentUtils-1.21.jar;D:\maven\maven_local_repository\com\google\guava\guava\27.0-jre\guava-27.0-jre.jar;D:\maven\maven_local_repository\com\google\guava\failureaccess\1.0\failureaccess-1.0.jar;D:\maven\maven_local_repository\com\google\guava\listenablefuture\9999.0-empty-to-avoid-conflict-with-guava\listenablefuture-9999.0-empty-to-avoid-conflict-with-guava.jar;D:\maven\maven_local_repository\com\google\code\findbugs\jsr305\3.0.2\jsr305-3.0.2.jar;D:\maven\maven_local_repository\org\checkerframework\checker-qual\2.5.2\checker-qual-2.5.2.jar;D:\maven\maven_local_repository\com\google\errorprone\error_prone_annotations\2.2.0\error_prone_annotations-2.2.0.jar;D:\maven\maven_local_repository\com\google\j2objc\j2objc-annotations\1.1\j2objc-annotations-1.1.jar;D:\maven\maven_local_repository\org\codehaus\mojo\animal-sniffer-annotations\1.17\animal-sniffer-annotations-1.17.jar;D:\maven\maven_local_repository\com\aliyun\aliyun-java-sdk-core\4.1.0\aliyun-java-sdk-core-4.1.0.jar;D:\maven\maven_local_repository\com\google\code\gson\gson\2.8.5\gson-2.8.5.jar;D:\maven\maven_local_repository\org\apache\httpcomponents\httpclient\4.5.6\httpclient-4.5.6.jar;D:\maven\maven_local_repository\org\apache\httpcomponents\httpcore\4.4.10\httpcore-4.4.10.jar;D:\maven\maven_local_repository\javax\xml\bind\jaxb-api\2.3.0\jaxb-api-2.3.0.jar;D:\maven\maven_local_repository\com\sun\xml\bind\jaxb-core\2.1.14\jaxb-core-2.1.14.jar;D:\maven\maven_local_repository\com\sun\xml\bind\jaxb-impl\2.1\jaxb-impl-2.1.jar;D:\maven\maven_local_repository\javax\activation\activation\1.1.1\activation-1.1.1.jar;D:\maven\maven_local_repository\com\aliyun\aliyun-java-sdk-dysmsapi\1.1.0\aliyun-java-sdk-dysmsapi-1.1.0.jar;D:\maven\maven_local_repository\de\codecentric\spring-boot-admin-starter-client\2.0.2\spring-boot-admin-starter-client-2.0.2.jar;D:\maven\maven_local_repository\de\codecentric\spring-boot-admin-client\2.0.2\spring-boot-admin-client-2.0.2.jar;D:\maven\maven_local_repository\org\jolokia\jolokia-core\1.5.0\jolokia-core-1.5.0.jar;D:\maven\maven_local_repository\com\googlecode\json-simple\json-simple\1.1.1\json-simple-1.1.1.jar;"/>
    <property name="java.vm.vendor" value="Oracle Corporation"/>
    <property name="sun.arch.data.model" value="64"/>
    <property name="user.variant" value=""/>
    <property name="java.vendor.url" value="http://java.oracle.com/"/>
    <property name="user.timezone" value=""/>
    <property name="java.vm.specification.version" value="1.8"/>
    <property name="os.name" value="Windows 10"/>
    <property name="user.country" value="CN"/>
    <property name="sun.java.launcher" value="SUN_STANDARD"/>
    <property name="sun.boot.library.path" value="D:\Program Files\Java\jdk1.8.0_181\jre\bin"/>
    <property name="sun.java.command" value="C:\Users\univer\AppData\Local\Temp\surefire3259150889592110589\surefirebooter485566900762073434.jar C:\Users\univer\AppData\Local\Temp\surefire3259150889592110589 2018-12-03T17-13-54_994-jvmRun1 surefire727281444326923132tmp surefire_04648172097504441618tmp"/>
    <property name="surefire.test.class.path" value="D:\workspace\service-base\target\test-classes;D:\workspace\service-base\target\classes;D:\maven\maven_local_repository\org\springframework\cloud\spring-cloud-starter-netflix-hystrix\2.0.1.RELEASE\spring-cloud-starter-netflix-hystrix-2.0.1.RELEASE.jar;D:\maven\maven_local_repository\org\springframework\cloud\spring-cloud-starter\2.0.1.RELEASE\spring-cloud-starter-2.0.1.RELEASE.jar;D:\maven\maven_local_repository\org\springframework\cloud\spring-cloud-context\2.0.1.RELEASE\spring-cloud-context-2.0.1.RELEASE.jar;D:\maven\maven_local_repository\org\springframework\security\spring-security-rsa\1.0.5.RELEASE\spring-security-rsa-1.0.5.RELEASE.jar;D:\maven\maven_local_repository\org\bouncycastle\bcpkix-jdk15on\1.56\bcpkix-jdk15on-1.56.jar;D:\maven\maven_local_repository\org\bouncycastle\bcprov-jdk15on\1.56\bcprov-jdk15on-1.56.jar;D:\maven\maven_local_repository\org\springframework\cloud\spring-cloud-netflix-core\2.0.1.RELEASE\spring-cloud-netflix-core-2.0.1.RELEASE.jar;D:\maven\maven_local_repository\org\springframework\boot\spring-boot-autoconfigure\2.0.4.RELEASE\spring-boot-autoconfigure-2.0.4.RELEASE.jar;D:\maven\maven_local_repository\org\springframework\cloud\spring-cloud-netflix-ribbon\2.0.1.RELEASE\spring-cloud-netflix-ribbon-2.0.1.RELEASE.jar;D:\maven\maven_local_repository\org\springframework\cloud\spring-cloud-netflix-archaius\2.0.1.RELEASE\spring-cloud-netflix-archaius-2.0.1.RELEASE.jar;D:\maven\maven_local_repository\org\springframework\cloud\spring-cloud-starter-netflix-archaius\2.0.1.RELEASE\spring-cloud-starter-netflix-archaius-2.0.1.RELEASE.jar;D:\maven\maven_local_repository\com\netflix\archaius\archaius-core\0.7.6\archaius-core-0.7.6.jar;D:\maven\maven_local_repository\commons-configuration\commons-configuration\1.8\commons-configuration-1.8.jar;D:\maven\maven_local_repository\commons-lang\commons-lang\2.6\commons-lang-2.6.jar;D:\maven\maven_local_repository\com\netflix\hystrix\hystrix-core\1.5.12\hystrix-core-1.5.12.jar;D:\maven\maven_local_repository\org\slf4j\slf4j-api\1.7.25\slf4j-api-1.7.25.jar;D:\maven\maven_local_repository\io\reactivex\rxjava\1.3.8\rxjava-1.3.8.jar;D:\maven\maven_local_repository\org\hdrhistogram\HdrHistogram\2.1.9\HdrHistogram-2.1.9.jar;D:\maven\maven_local_repository\com\netflix\hystrix\hystrix-serialization\1.5.12\hystrix-serialization-1.5.12.jar;D:\maven\maven_local_repository\com\fasterxml\jackson\module\jackson-module-afterburner\2.9.6\jackson-module-afterburner-2.9.6.jar;D:\maven\maven_local_repository\com\fasterxml\jackson\core\jackson-core\2.9.6\jackson-core-2.9.6.jar;D:\maven\maven_local_repository\com\fasterxml\jackson\core\jackson-annotations\2.9.0\jackson-annotations-2.9.0.jar;D:\maven\maven_local_repository\com\netflix\hystrix\hystrix-metrics-event-stream\1.5.12\hystrix-metrics-event-stream-1.5.12.jar;D:\maven\maven_local_repository\com\netflix\hystrix\hystrix-javanica\1.5.12\hystrix-javanica-1.5.12.jar;D:\maven\maven_local_repository\org\ow2\asm\asm\5.0.4\asm-5.0.4.jar;D:\maven\maven_local_repository\io\reactivex\rxjava-reactive-streams\1.2.1\rxjava-reactive-streams-1.2.1.jar;D:\maven\maven_local_repository\org\reactivestreams\reactive-streams\1.0.2\reactive-streams-1.0.2.jar;D:\maven\maven_local_repository\org\springframework\cloud\spring-cloud-starter-openfeign\2.0.1.RELEASE\spring-cloud-starter-openfeign-2.0.1.RELEASE.jar;D:\maven\maven_local_repository\org\springframework\cloud\spring-cloud-openfeign-core\2.0.1.RELEASE\spring-cloud-openfeign-core-2.0.1.RELEASE.jar;D:\maven\maven_local_repository\org\springframework\spring-web\5.0.8.RELEASE\spring-web-5.0.8.RELEASE.jar;D:\maven\maven_local_repository\org\springframework\spring-beans\5.0.8.RELEASE\spring-beans-5.0.8.RELEASE.jar;D:\maven\maven_local_repository\org\springframework\cloud\spring-cloud-commons\2.0.1.RELEASE\spring-cloud-commons-2.0.1.RELEASE.jar;D:\maven\maven_local_repository\org\springframework\security\spring-security-crypto\5.0.7.RELEASE\spring-security-crypto-5.0.7.RELEASE.jar;D:\maven\maven_local_repository\io\github\openfeign\feign-core\9.5.1\feign-core-9.5.1.jar;D:\maven\maven_local_repository\io\github\openfeign\feign-slf4j\9.5.1\feign-slf4j-9.5.1.jar;D:\maven\maven_local_repository\io\github\openfeign\feign-hystrix\9.5.1\feign-hystrix-9.5.1.jar;D:\maven\maven_local_repository\io\github\openfeign\feign-java8\9.5.1\feign-java8-9.5.1.jar;D:\maven\maven_local_repository\io\github\lognet\grpc-spring-boot-starter\3.0.0\grpc-spring-boot-starter-3.0.0.jar;D:\maven\maven_local_repository\io\grpc\grpc-netty\1.15.1\grpc-netty-1.15.1.jar;D:\maven\maven_local_repository\io\grpc\grpc-core\1.15.1\grpc-core-1.15.1.jar;D:\maven\maven_local_repository\io\grpc\grpc-context\1.15.1\grpc-context-1.15.1.jar;D:\maven\maven_local_repository\io\opencensus\opencensus-api\0.12.3\opencensus-api-0.12.3.jar;D:\maven\maven_local_repository\io\opencensus\opencensus-contrib-grpc-metrics\0.12.3\opencensus-contrib-grpc-metrics-0.12.3.jar;D:\maven\maven_local_repository\io\netty\netty-codec-http2\4.1.27.Final\netty-codec-http2-4.1.27.Final.jar;D:\maven\maven_local_repository\io\netty\netty-codec-http\4.1.27.Final\netty-codec-http-4.1.27.Final.jar;D:\maven\maven_local_repository\io\netty\netty-handler-proxy\4.1.27.Final\netty-handler-proxy-4.1.27.Final.jar;D:\maven\maven_local_repository\io\netty\netty-codec-socks\4.1.27.Final\netty-codec-socks-4.1.27.Final.jar;D:\maven\maven_local_repository\io\grpc\grpc-services\1.15.1\grpc-services-1.15.1.jar;D:\maven\maven_local_repository\io\grpc\grpc-protobuf\1.15.1\grpc-protobuf-1.15.1.jar;D:\maven\maven_local_repository\com\google\protobuf\protobuf-java\3.5.1\protobuf-java-3.5.1.jar;D:\maven\maven_local_repository\com\google\api\grpc\proto-google-common-protos\1.0.0\proto-google-common-protos-1.0.0.jar;D:\maven\maven_local_repository\io\grpc\grpc-protobuf-lite\1.15.1\grpc-protobuf-lite-1.15.1.jar;D:\maven\maven_local_repository\io\grpc\grpc-stub\1.15.1\grpc-stub-1.15.1.jar;D:\maven\maven_local_repository\com\google\protobuf\protobuf-java-util\3.5.1\protobuf-java-util-3.5.1.jar;D:\maven\maven_local_repository\com\google\re2j\re2j\1.2\re2j-1.2.jar;D:\maven\maven_local_repository\org\springframework\boot\spring-boot-starter\2.0.4.RELEASE\spring-boot-starter-2.0.4.RELEASE.jar;D:\maven\maven_local_repository\org\springframework\boot\spring-boot\2.0.4.RELEASE\spring-boot-2.0.4.RELEASE.jar;D:\maven\maven_local_repository\org\springframework\boot\spring-boot-starter-logging\2.0.4.RELEASE\spring-boot-starter-logging-2.0.4.RELEASE.jar;D:\maven\maven_local_repository\ch\qos\logback\logback-classic\1.2.3\logback-classic-1.2.3.jar;D:\maven\maven_local_repository\org\apache\logging\log4j\log4j-to-slf4j\2.10.0\log4j-to-slf4j-2.10.0.jar;D:\maven\maven_local_repository\org\apache\logging\log4j\log4j-api\2.10.0\log4j-api-2.10.0.jar;D:\maven\maven_local_repository\org\slf4j\jul-to-slf4j\1.7.25\jul-to-slf4j-1.7.25.jar;D:\maven\maven_local_repository\javax\annotation\javax.annotation-api\1.3.2\javax.annotation-api-1.3.2.jar;D:\maven\maven_local_repository\org\yaml\snakeyaml\1.19\snakeyaml-1.19.jar;D:\maven\maven_local_repository\org\springframework\boot\spring-boot-starter-test\2.0.4.RELEASE\spring-boot-starter-test-2.0.4.RELEASE.jar;D:\maven\maven_local_repository\org\springframework\boot\spring-boot-test\2.0.4.RELEASE\spring-boot-test-2.0.4.RELEASE.jar;D:\maven\maven_local_repository\org\springframework\boot\spring-boot-test-autoconfigure\2.0.4.RELEASE\spring-boot-test-autoconfigure-2.0.4.RELEASE.jar;D:\maven\maven_local_repository\com\jayway\jsonpath\json-path\2.4.0\json-path-2.4.0.jar;D:\maven\maven_local_repository\net\minidev\json-smart\2.3\json-smart-2.3.jar;D:\maven\maven_local_repository\net\minidev\accessors-smart\1.2\accessors-smart-1.2.jar;D:\maven\maven_local_repository\junit\junit\4.12\junit-4.12.jar;D:\maven\maven_local_repository\org\assertj\assertj-core\3.9.1\assertj-core-3.9.1.jar;D:\maven\maven_local_repository\org\mockito\mockito-core\2.15.0\mockito-core-2.15.0.jar;D:\maven\maven_local_repository\net\bytebuddy\byte-buddy\1.7.11\byte-buddy-1.7.11.jar;D:\maven\maven_local_repository\net\bytebuddy\byte-buddy-agent\1.7.11\byte-buddy-agent-1.7.11.jar;D:\maven\maven_local_repository\org\objenesis\objenesis\2.6\objenesis-2.6.jar;D:\maven\maven_local_repository\org\hamcrest\hamcrest-core\1.3\hamcrest-core-1.3.jar;D:\maven\maven_local_repository\org\hamcrest\hamcrest-library\1.3\hamcrest-library-1.3.jar;D:\maven\maven_local_repository\org\skyscreamer\jsonassert\1.5.0\jsonassert-1.5.0.jar;D:\maven\maven_local_repository\com\vaadin\external\google\android-json\0.0.20131108.vaadin1\android-json-0.0.20131108.vaadin1.jar;D:\maven\maven_local_repository\org\springframework\spring-core\5.0.8.RELEASE\spring-core-5.0.8.RELEASE.jar;D:\maven\maven_local_repository\org\springframework\spring-jcl\5.0.8.RELEASE\spring-jcl-5.0.8.RELEASE.jar;D:\maven\maven_local_repository\org\springframework\spring-test\5.0.8.RELEASE\spring-test-5.0.8.RELEASE.jar;D:\maven\maven_local_repository\org\xmlunit\xmlunit-core\2.5.1\xmlunit-core-2.5.1.jar;D:\maven\maven_local_repository\org\springframework\boot\spring-boot-starter-actuator\2.0.4.RELEASE\spring-boot-starter-actuator-2.0.4.RELEASE.jar;D:\maven\maven_local_repository\org\springframework\boot\spring-boot-actuator-autoconfigure\2.0.4.RELEASE\spring-boot-actuator-autoconfigure-2.0.4.RELEASE.jar;D:\maven\maven_local_repository\org\springframework\boot\spring-boot-actuator\2.0.4.RELEASE\spring-boot-actuator-2.0.4.RELEASE.jar;D:\maven\maven_local_repository\com\fasterxml\jackson\datatype\jackson-datatype-jsr310\2.9.6\jackson-datatype-jsr310-2.9.6.jar;D:\maven\maven_local_repository\io\micrometer\micrometer-core\1.0.6\micrometer-core-1.0.6.jar;D:\maven\maven_local_repository\org\latencyutils\LatencyUtils\2.0.3\LatencyUtils-2.0.3.jar;D:\maven\maven_local_repository\org\springframework\boot\spring-boot-configuration-processor\2.0.4.RELEASE\spring-boot-configuration-processor-2.0.4.RELEASE.jar;D:\maven\maven_local_repository\org\springframework\boot\spring-boot-starter-jdbc\2.0.4.RELEASE\spring-boot-starter-jdbc-2.0.4.RELEASE.jar;D:\maven\maven_local_repository\com\zaxxer\HikariCP\2.7.9\HikariCP-2.7.9.jar;D:\maven\maven_local_repository\org\springframework\spring-jdbc\5.0.8.RELEASE\spring-jdbc-5.0.8.RELEASE.jar;D:\maven\maven_local_repository\org\springframework\spring-tx\5.0.8.RELEASE\spring-tx-5.0.8.RELEASE.jar;D:\maven\maven_local_repository\org\springframework\boot\spring-boot-starter-validation\2.0.4.RELEASE\spring-boot-starter-validation-2.0.4.RELEASE.jar;D:\maven\maven_local_repository\org\apache\tomcat\embed\tomcat-embed-el\8.5.32\tomcat-embed-el-8.5.32.jar;D:\maven\maven_local_repository\org\springframework\boot\spring-boot-starter-web\2.0.4.RELEASE\spring-boot-starter-web-2.0.4.RELEASE.jar;D:\maven\maven_local_repository\org\springframework\boot\spring-boot-starter-json\2.0.4.RELEASE\spring-boot-starter-json-2.0.4.RELEASE.jar;D:\maven\maven_local_repository\com\fasterxml\jackson\datatype\jackson-datatype-jdk8\2.9.6\jackson-datatype-jdk8-2.9.6.jar;D:\maven\maven_local_repository\com\fasterxml\jackson\module\jackson-module-parameter-names\2.9.6\jackson-module-parameter-names-2.9.6.jar;D:\maven\maven_local_repository\org\springframework\spring-webmvc\5.0.8.RELEASE\spring-webmvc-5.0.8.RELEASE.jar;D:\maven\maven_local_repository\org\springframework\spring-expression\5.0.8.RELEASE\spring-expression-5.0.8.RELEASE.jar;D:\maven\maven_local_repository\org\springframework\boot\spring-boot-starter-aop\2.0.4.RELEASE\spring-boot-starter-aop-2.0.4.RELEASE.jar;D:\maven\maven_local_repository\org\springframework\spring-aop\5.0.8.RELEASE\spring-aop-5.0.8.RELEASE.jar;D:\maven\maven_local_repository\org\aspectj\aspectjweaver\1.8.13\aspectjweaver-1.8.13.jar;D:\maven\maven_local_repository\org\springframework\boot\spring-boot-starter-data-redis\2.0.4.RELEASE\spring-boot-starter-data-redis-2.0.4.RELEASE.jar;D:\maven\maven_local_repository\org\springframework\data\spring-data-redis\2.0.9.RELEASE\spring-data-redis-2.0.9.RELEASE.jar;D:\maven\maven_local_repository\org\springframework\data\spring-data-keyvalue\2.0.9.RELEASE\spring-data-keyvalue-2.0.9.RELEASE.jar;D:\maven\maven_local_repository\org\springframework\data\spring-data-commons\2.0.9.RELEASE\spring-data-commons-2.0.9.RELEASE.jar;D:\maven\maven_local_repository\org\springframework\spring-oxm\5.0.8.RELEASE\spring-oxm-5.0.8.RELEASE.jar;D:\maven\maven_local_repository\io\lettuce\lettuce-core\5.0.4.RELEASE\lettuce-core-5.0.4.RELEASE.jar;D:\maven\maven_local_repository\io\projectreactor\reactor-core\3.1.8.RELEASE\reactor-core-3.1.8.RELEASE.jar;D:\maven\maven_local_repository\io\netty\netty-common\4.1.27.Final\netty-common-4.1.27.Final.jar;D:\maven\maven_local_repository\io\netty\netty-transport\4.1.27.Final\netty-transport-4.1.27.Final.jar;D:\maven\maven_local_repository\io\netty\netty-buffer\4.1.27.Final\netty-buffer-4.1.27.Final.jar;D:\maven\maven_local_repository\io\netty\netty-resolver\4.1.27.Final\netty-resolver-4.1.27.Final.jar;D:\maven\maven_local_repository\io\netty\netty-handler\4.1.27.Final\netty-handler-4.1.27.Final.jar;D:\maven\maven_local_repository\io\netty\netty-codec\4.1.27.Final\netty-codec-4.1.27.Final.jar;D:\maven\maven_local_repository\org\springframework\boot\spring-boot-starter-mail\2.0.4.RELEASE\spring-boot-starter-mail-2.0.4.RELEASE.jar;D:\maven\maven_local_repository\org\springframework\spring-context\5.0.8.RELEASE\spring-context-5.0.8.RELEASE.jar;D:\maven\maven_local_repository\org\springframework\spring-context-support\5.0.8.RELEASE\spring-context-support-5.0.8.RELEASE.jar;D:\maven\maven_local_repository\com\sun\mail\javax.mail\1.6.1\javax.mail-1.6.1.jar;D:\maven\maven_local_repository\org\mybatis\spring\boot\mybatis-spring-boot-starter\1.3.2\mybatis-spring-boot-starter-1.3.2.jar;D:\maven\maven_local_repository\org\mybatis\spring\boot\mybatis-spring-boot-autoconfigure\1.3.2\mybatis-spring-boot-autoconfigure-1.3.2.jar;D:\maven\maven_local_repository\org\mybatis\mybatis\3.4.6\mybatis-3.4.6.jar;D:\maven\maven_local_repository\org\mybatis\mybatis-spring\1.3.2\mybatis-spring-1.3.2.jar;D:\maven\maven_local_repository\org\springframework\boot\spring-boot-starter-undertow\2.0.4.RELEASE\spring-boot-starter-undertow-2.0.4.RELEASE.jar;D:\maven\maven_local_repository\io\undertow\undertow-core\1.4.25.Final\undertow-core-1.4.25.Final.jar;D:\maven\maven_local_repository\org\jboss\xnio\xnio-api\3.3.8.Final\xnio-api-3.3.8.Final.jar;D:\maven\maven_local_repository\org\jboss\xnio\xnio-nio\3.3.8.Final\xnio-nio-3.3.8.Final.jar;D:\maven\maven_local_repository\io\undertow\undertow-servlet\1.4.25.Final\undertow-servlet-1.4.25.Final.jar;D:\maven\maven_local_repository\org\jboss\spec\javax\annotation\jboss-annotations-api_1.2_spec\1.0.2.Final\jboss-annotations-api_1.2_spec-1.0.2.Final.jar;D:\maven\maven_local_repository\io\undertow\undertow-websockets-jsr\1.4.25.Final\undertow-websockets-jsr-1.4.25.Final.jar;D:\maven\maven_local_repository\org\jboss\spec\javax\websocket\jboss-websocket-api_1.1_spec\1.1.3.Final\jboss-websocket-api_1.1_spec-1.1.3.Final.jar;D:\maven\maven_local_repository\javax\servlet\javax.servlet-api\3.1.0\javax.servlet-api-3.1.0.jar;D:\maven\maven_local_repository\org\glassfish\javax.el\3.0.0\javax.el-3.0.0.jar;D:\maven\maven_local_repository\tk\mybatis\mapper-spring-boot-starter\2.0.4\mapper-spring-boot-starter-2.0.4.jar;D:\maven\maven_local_repository\tk\mybatis\mapper-core\1.0.5\mapper-core-1.0.5.jar;D:\maven\maven_local_repository\javax\persistence\persistence-api\1.0\persistence-api-1.0.jar;D:\maven\maven_local_repository\tk\mybatis\mapper-base\1.0.5\mapper-base-1.0.5.jar;D:\maven\maven_local_repository\tk\mybatis\mapper-weekend\1.1.4.1\mapper-weekend-1.1.4.1.jar;D:\maven\maven_local_repository\tk\mybatis\mapper-spring\1.0.5\mapper-spring-1.0.5.jar;D:\maven\maven_local_repository\tk\mybatis\mapper-extra\1.0.5\mapper-extra-1.0.5.jar;D:\maven\maven_local_repository\tk\mybatis\mapper-spring-boot-autoconfigure\2.0.4\mapper-spring-boot-autoconfigure-2.0.4.jar;D:\maven\maven_local_repository\com\github\pagehelper\pagehelper-spring-boot-starter\1.2.7\pagehelper-spring-boot-starter-1.2.7.jar;D:\maven\maven_local_repository\com\github\pagehelper\pagehelper-spring-boot-autoconfigure\1.2.7\pagehelper-spring-boot-autoconfigure-1.2.7.jar;D:\maven\maven_local_repository\com\github\pagehelper\pagehelper\5.1.6\pagehelper-5.1.6.jar;D:\maven\maven_local_repository\com\github\jsqlparser\jsqlparser\1.2\jsqlparser-1.2.jar;D:\maven\maven_local_repository\mysql\mysql-connector-java\5.1.46\mysql-connector-java-5.1.46.jar;D:\maven\maven_local_repository\io\jsonwebtoken\jjwt\0.9.0\jjwt-0.9.0.jar;D:\maven\maven_local_repository\com\fasterxml\jackson\core\jackson-databind\2.9.6\jackson-databind-2.9.6.jar;D:\maven\maven_local_repository\org\mindrot\jbcrypt\0.4\jbcrypt-0.4.jar;D:\maven\maven_local_repository\net\logstash\logback\logstash-logback-encoder\4.11\logstash-logback-encoder-4.11.jar;D:\maven\maven_local_repository\ch\qos\logback\logback-core\1.2.3\logback-core-1.2.3.jar;D:\maven\maven_local_repository\org\apache\commons\commons-lang3\3.4\commons-lang3-3.4.jar;D:\maven\maven_local_repository\commons-codec\commons-codec\1.11\commons-codec-1.11.jar;D:\maven\maven_local_repository\commons-collections\commons-collections\3.2.1\commons-collections-3.2.1.jar;D:\maven\maven_local_repository\commons-beanutils\commons-beanutils\1.9.3\commons-beanutils-1.9.3.jar;D:\maven\maven_local_repository\commons-logging\commons-logging\1.2\commons-logging-1.2.jar;D:\maven\maven_local_repository\org\hibernate\validator\hibernate-validator\6.0.12.Final\hibernate-validator-6.0.12.Final.jar;D:\maven\maven_local_repository\javax\validation\validation-api\2.0.1.Final\validation-api-2.0.1.Final.jar;D:\maven\maven_local_repository\org\jboss\logging\jboss-logging\3.3.2.Final\jboss-logging-3.3.2.Final.jar;D:\maven\maven_local_repository\com\fasterxml\classmate\1.3.4\classmate-1.3.4.jar;D:\maven\maven_local_repository\com\squareup\okhttp3\okhttp\3.8.0\okhttp-3.8.0.jar;D:\maven\maven_local_repository\com\squareup\okio\okio\1.13.0\okio-1.13.0.jar;D:\maven\maven_local_repository\eu\bitwalker\UserAgentUtils\1.21\UserAgentUtils-1.21.jar;D:\maven\maven_local_repository\com\google\guava\guava\27.0-jre\guava-27.0-jre.jar;D:\maven\maven_local_repository\com\google\guava\failureaccess\1.0\failureaccess-1.0.jar;D:\maven\maven_local_repository\com\google\guava\listenablefuture\9999.0-empty-to-avoid-conflict-with-guava\listenablefuture-9999.0-empty-to-avoid-conflict-with-guava.jar;D:\maven\maven_local_repository\com\google\code\findbugs\jsr305\3.0.2\jsr305-3.0.2.jar;D:\maven\maven_local_repository\org\checkerframework\checker-qual\2.5.2\checker-qual-2.5.2.jar;D:\maven\maven_local_repository\com\google\errorprone\error_prone_annotations\2.2.0\error_prone_annotations-2.2.0.jar;D:\maven\maven_local_repository\com\google\j2objc\j2objc-annotations\1.1\j2objc-annotations-1.1.jar;D:\maven\maven_local_repository\org\codehaus\mojo\animal-sniffer-annotations\1.17\animal-sniffer-annotations-1.17.jar;D:\maven\maven_local_repository\com\aliyun\aliyun-java-sdk-core\4.1.0\aliyun-java-sdk-core-4.1.0.jar;D:\maven\maven_local_repository\com\google\code\gson\gson\2.8.5\gson-2.8.5.jar;D:\maven\maven_local_repository\org\apache\httpcomponents\httpclient\4.5.6\httpclient-4.5.6.jar;D:\maven\maven_local_repository\org\apache\httpcomponents\httpcore\4.4.10\httpcore-4.4.10.jar;D:\maven\maven_local_repository\javax\xml\bind\jaxb-api\2.3.0\jaxb-api-2.3.0.jar;D:\maven\maven_local_repository\com\sun\xml\bind\jaxb-core\2.1.14\jaxb-core-2.1.14.jar;D:\maven\maven_local_repository\com\sun\xml\bind\jaxb-impl\2.1\jaxb-impl-2.1.jar;D:\maven\maven_local_repository\javax\activation\activation\1.1.1\activation-1.1.1.jar;D:\maven\maven_local_repository\com\aliyun\aliyun-java-sdk-dysmsapi\1.1.0\aliyun-java-sdk-dysmsapi-1.1.0.jar;D:\maven\maven_local_repository\de\codecentric\spring-boot-admin-starter-client\2.0.2\spring-boot-admin-starter-client-2.0.2.jar;D:\maven\maven_local_repository\de\codecentric\spring-boot-admin-client\2.0.2\spring-boot-admin-client-2.0.2.jar;D:\maven\maven_local_repository\org\jolokia\jolokia-core\1.5.0\jolokia-core-1.5.0.jar;D:\maven\maven_local_repository\com\googlecode\json-simple\json-simple\1.1.1\json-simple-1.1.1.jar;"/>
    <property name="sun.cpu.endian" value="little"/>
    <property name="user.home" value="C:\Users\univer"/>
    <property name="user.language" value="zh"/>
    <property name="java.specification.vendor" value="Oracle Corporation"/>
    <property name="java.home" value="D:\Program Files\Java\jdk1.8.0_181\jre"/>
    <property name="basedir" value="D:\workspace\service-base"/>
    <property name="file.separator" value="\"/>
    <property name="line.separator" value="&#10;"/>
    <property name="java.vm.specification.vendor" value="Oracle Corporation"/>
    <property name="java.specification.name" value="Java Platform API Specification"/>
    <property name="java.awt.graphicsenv" value="sun.awt.Win32GraphicsEnvironment"/>
    <property name="surefire.real.class.path" value="C:\Users\univer\AppData\Local\Temp\surefire3259150889592110589\surefirebooter485566900762073434.jar"/>
    <property name="sun.boot.class.path" value="D:\Program Files\Java\jdk1.8.0_181\jre\lib\resources.jar;D:\Program Files\Java\jdk1.8.0_181\jre\lib\rt.jar;D:\Program Files\Java\jdk1.8.0_181\jre\lib\sunrsasign.jar;D:\Program Files\Java\jdk1.8.0_181\jre\lib\jsse.jar;D:\Program Files\Java\jdk1.8.0_181\jre\lib\jce.jar;D:\Program Files\Java\jdk1.8.0_181\jre\lib\charsets.jar;D:\Program Files\Java\jdk1.8.0_181\jre\lib\jfr.jar;D:\Program Files\Java\jdk1.8.0_181\jre\classes"/>
    <property name="user.script" value=""/>
    <property name="sun.management.compiler" value="HotSpot 64-Bit Tiered Compilers"/>
    <property name="java.runtime.version" value="1.8.0_181-b13"/>
    <property name="user.name" value="univer"/>
    <property name="path.separator" value=";"/>
    <property name="os.version" value="10.0"/>
    <property name="java.endorsed.dirs" value="D:\Program Files\Java\jdk1.8.0_181\jre\lib\endorsed"/>
    <property name="java.runtime.name" value="Java(TM) SE Runtime Environment"/>
    <property name="file.encoding" value="GBK"/>
    <property name="java.vm.name" value="Java HotSpot(TM) 64-Bit Server VM"/>
    <property name="localRepository" value="D:\maven\maven_local_repository"/>
    <property name="java.vendor.url.bug" value="http://bugreport.sun.com/bugreport/"/>
    <property name="java.io.tmpdir" value="C:\Users\univer\AppData\Local\Temp\"/>
    <property name="idea.version" value="2018.1.1"/>
    <property name="java.version" value="1.8.0_181"/>
    <property name="user.dir" value="D:\workspace\service-base"/>
    <property name="os.arch" value="amd64"/>
    <property name="java.vm.specification.name" value="Java Virtual Machine Specification"/>
    <property name="java.awt.printerjob" value="sun.awt.windows.WPrinterJob"/>
    <property name="sun.os.patch.level" value=""/>
    <property name="java.library.path" value="D:\Program Files\Java\jdk1.8.0_181\jre\bin;C:\Windows\Sun\Java\bin;C:\Windows\system32;C:\Windows;C:\Program Files (x86)\Common Files\Oracle\Java\javapath;C:\Windows\system32;C:\Windows;C:\Windows\System32\Wbem;C:\Windows\System32\WindowsPowerShell\v1.0\;d:\Program Files\Git\cmd;D:\Program Files\Java\jdk1.8.0_181\bin;D:\Program Files\Java\jdk1.8.0_181\jre\bin;D:\maven\apache-maven-3.5.4\bin;D:\Program Files\TortoiseGit\bin;D:\elastic\curl-7.61.1-win64-mingw\bin;%TOMCAT_HOME%\bin;D:\Program Files (x86)\mysql-8.0.13-winx64\bin;C:\Users\univer\AppData\Local\Microsoft\WindowsApps;;."/>
    <property name="java.vm.info" value="mixed mode"/>
    <property name="java.vendor" value="Oracle Corporation"/>
    <property name="java.vm.version" value="25.181-b13"/>
    <property name="java.ext.dirs" value="D:\Program Files\Java\jdk1.8.0_181\jre\lib\ext;C:\Windows\Sun\Java\lib\ext"/>
    <property name="sun.io.unicode.encoding" value="UnicodeLittle"/>
    <property name="java.class.version" value="52.0"/>
  </properties>
  <testcase name="testMatchUsername" classname="com.univer.base.util.PatternUtilTest" time="0"/>
  <testcase name="testMatchEmail" classname="com.univer.base.util.PatternUtilTest" time="0"/>
  <testcase name="testMatchPhone" classname="com.univer.base.util.PatternUtilTest" time="0"/>
</testsuite>